This is pdfTeX, Version 3.14159265-2.6-1.40.16 (MiKTeX 2.9) (preloaded format=pdflatex 2016.4.26)  29 DEC 2016 22:13
entering extended mode
**"C:/Users/me/Desktop/Transcendental Identity.tex"
("C:/Users/me/Desktop/Transcendental Identity.tex"
LaTeX2e <2015/10/01> patch level 2
Babel <3.9n> and hyphenation patterns for 69 languages loaded.
("C:\Program Files (x86)\MiKTeX 2.9\tex\latex\base\article.cls"
Document Class: article 2014/09/29 v1.4h Standard LaTeX document class
("C:\Program Files (x86)\MiKTeX 2.9\tex\latex\base\size10.clo"
File: size10.clo 2014/09/29 v1.4h Standard LaTeX file (size option)
)
\c@part=\count79
\c@section=\count80
\c@subsection=\count81
\c@subsubsection=\count82
\c@paragraph=\count83
\c@subparagraph=\count84
\c@figure=\count85
\c@table=\count86
\abovecaptionskip=\skip41
\belowcaptionskip=\skip42
\bibindent=\dimen102
)
("Transcendental Identity.aux")
\openout1 = `"Transcendental Identity.aux"'.

LaTeX Font Info:    Checking defaults for OML/cmm/m/it on input line 5.
LaTeX Font Info:    ... okay on input line 5.
LaTeX Font Info:    Checking defaults for T1/cmr/m/n on input line 5.
LaTeX Font Info:    ... okay on input line 5.
LaTeX Font Info:    Checking defaults for OT1/cmr/m/n on input line 5.
LaTeX Font Info:    ... okay on input line 5.
LaTeX Font Info:    Checking defaults for OMS/cmsy/m/n on input line 5.
LaTeX Font Info:    ... okay on input line 5.
LaTeX Font Info:    Checking defaults for OMX/cmex/m/n on input line 5.
LaTeX Font Info:    ... okay on input line 5.
LaTeX Font Info:    Checking defaults for U/cmr/m/n on input line 5.
LaTeX Font Info:    ... okay on input line 5.
LaTeX Font Info:    External font `cmex10' loaded for size
(Font)              <12> on input line 7.
LaTeX Font Info:    External font `cmex10' loaded for size
(Font)              <8> on input line 7.
LaTeX Font Info:    External font `cmex10' loaded for size
(Font)              <6> on input line 7.
 [1

{C:/Users/me/AppData/Local/MiKTeX/2.9/pdftex/config/pdftex.map}] ("Transcendent
al Identity.toc"
LaTeX Font Info:    External font `cmex10' loaded for size
(Font)              <7> on input line 3.
LaTeX Font Info:    External font `cmex10' loaded for size
(Font)              <5> on input line 3.

Overfull \hbox (3.38892pt too wide) detected at line 80
 \OT1/cmr/m/n/10 xviii
 []


Overfull \hbox (3.38892pt too wide) detected at line 83
 \OT1/cmr/m/n/10 xviii
 []


Overfull \hbox (3.38892pt too wide) detected at line 84
 \OT1/cmr/m/n/10 xviii
 []

[1]
Overfull \hbox (0.61113pt too wide) detected at line 108
 \OT1/cmr/m/n/10 xxii
 []


Overfull \hbox (0.61113pt too wide) detected at line 110
 \OT1/cmr/m/n/10 xxii
 []


Overfull \hbox (0.61113pt too wide) detected at line 111
 \OT1/cmr/m/n/10 xxii
 []


Overfull \hbox (0.61113pt too wide) detected at line 112
 \OT1/cmr/m/n/10 xxii
 []

)
\tf@toc=\write3
\openout3 = `"Transcendental Identity.toc"'.

 [2]
Underfull \hbox (badness 10000) in paragraph at lines 14--16

 []

[3]
Missing character: There is no ‚ in font cmr10!
Missing character: There is no Ä in font cmr10!
Missing character: There is no ò in font cmr10!
Missing character: There is no ‚ in font cmr10!
Missing character: There is no Ä in font cmr10!
Missing character: There is no ô in font cmr10!

Underfull \hbox (badness 10000) in paragraph at lines 21--23

 []

[4]
Missing character: There is no ‚ in font cmr10!
Missing character: There is no Ä in font cmr10!
Missing character: There is no ô in font cmr10!
Missing character: There is no ‚ in font cmr10!
Missing character: There is no Ä in font cmr10!
Missing character: There is no ú in font cmr10!
Missing character: There is no ‚ in font cmr10!
Missing character: There is no Ä in font cmr10!
Missing character: There is no ù in font cmr10!
Missing character: There is no ‚ in font cmr10!
Missing character: There is no Ä in font cmr10!
Missing character: There is no ì in font cmr10!

Underfull \hbox (badness 10000) in paragraph at lines 38--48

 []


Underfull \hbox (badness 10000) in paragraph at lines 38--48

 []

[5]
Underfull \hbox (badness 10000) in paragraph at lines 53--57

 []


Underfull \hbox (badness 10000) in paragraph at lines 53--57

 []

Missing character: There is no ‚ in font cmr10!
Missing character: There is no Ä in font cmr10!
Missing character: There is no ú in font cmr10!
Missing character: There is no ‚ in font cmr10!
Missing character: There is no Ä in font cmr10!
Missing character: There is no ù in font cmr10!
Missing character: There is no ‚ in font cmr10!
Missing character: There is no Ä in font cmr10!
Missing character: There is no ú in font cmr10!
Missing character: There is no ‚ in font cmr10!
Missing character: There is no Ä in font cmr10!
Missing character: There is no ù in font cmr10!
Missing character: There is no ‚ in font cmr10!
Missing character: There is no Ä in font cmr10!
Missing character: There is no ò in font cmr10!
Missing character: There is no ‚ in font cmr10!
Missing character: There is no Ä in font cmr10!
Missing character: There is no ô in font cmr10!
Missing character: There is no ‚ in font cmr10!
Missing character: There is no Ä in font cmr10!
Missing character: There is no ¶ in font cmr10!
Missing character: There is no ‚ in font cmr10!
Missing character: There is no Ä in font cmr10!
Missing character: There is no ì in font cmr10!

Underfull \hbox (badness 10000) in paragraph at lines 59--94

 []


Underfull \hbox (badness 10000) in paragraph at lines 59--94

 []


Underfull \hbox (badness 10000) in paragraph at lines 59--94

 []

[6] [7]
Missing character: There is no ‚ in font cmr10!
Missing character: There is no Ä in font cmr10!
Missing character: There is no ô in font cmr10!
Missing character: There is no ‚ in font cmr10!
Missing character: There is no Ä in font cmr10!
Missing character: There is no ì in font cmr10!
Missing character: There is no ‚ in font cmr10!
Missing character: There is no Ä in font cmr10!
Missing character: There is no ô in font cmr10!

Underfull \hbox (badness 10000) in paragraph at lines 96--106

 []


Underfull \hbox (badness 10000) in paragraph at lines 96--106

 []


Underfull \hbox (badness 10000) in paragraph at lines 96--106

 []


Underfull \hbox (badness 10000) in paragraph at lines 108--119

 []

[8]
Underfull \hbox (badness 10000) in paragraph at lines 133--134

 []

[9]
Overfull \hbox (2.75034pt too wide) in paragraph at lines 151--152
\OT1/cmr/m/n/10 RETURN: Iden-tity Lo-ca-tion ($\OML/cmm/m/it/10 PublicActionKey
[]$\OT1/cmr/m/n/10 ), Trans-ac-tion ID ($\OML/cmm/m/it/10 TX[]$\OT1/cmr/m/n/10 
), Trans-
 []


Underfull \hbox (badness 10000) in paragraph at lines 153--154

 []

! Missing $ inserted.
<inserted text> 
                $
l.155 				\begin{array}{|l|c c c c c c c c|l|}
                                              
? 
! Missing $ inserted.
<inserted text> 
                $
l.157 					$\dot
                 \iota^1$ & v_1 & v_2 & v_3 & v_4 & v_5 & v_6 & v_7 & v_8 & ...

? 
! Missing $ inserted.
<inserted text> 
                $
l.157 					$\dot \iota^1$ &
                            v_1 & v_2 & v_3 & v_4 & v_5 & v_6 & v_7 & v_8 & ...

? 
! Missing $ inserted.
<inserted text> 
                $
l.157 ...v_3 & v_4 & v_5 & v_6 & v_7 & v_8 & $\dot
                                                   \iota_1$ \\
? 
! Missing $ inserted.
<inserted text> 
                $
l.158 					\hline
                 
? 
! Missing $ inserted.
<inserted text> 
                $
l.170 				\end{array}
                     
? 
[10] [11] [12]
Overfull \hbox (1.0002pt too wide) in paragraph at lines 208--210
 \OT1/cmr/bx/n/10 Ab-duc-tive rea-son-ing in light of De-duc-tive Cer-tainty[] 
\OT1/cmr/m/n/10 "Duck test" within
 []

[13]
Overfull \hbox (1.36575pt too wide) in paragraph at lines 225--226
 \OT1/cmr/bx/n/10 Peo-ple, Con-tent, Ma-chines, Cor-po-ra-tions[] \OT1/cmr/m/n/
10 value ex-change across iden-
 []


Overfull \hbox (10.37605pt too wide) in paragraph at lines 226--227
 \OT1/cmr/bx/n/10 Software-defined Net-works[] \OT1/cmr/m/n/10 trust-less trans
-ac-tion ex-e-cu-tion within a scope. 
 []

[14] [15]
Underfull \hbox (badness 10000) in paragraph at lines 272--281

 []

[16]
Underfull \hbox (badness 10000) in paragraph at lines 310--315

 []


Underfull \hbox (badness 10000) in paragraph at lines 317--322

 []


Underfull \hbox (badness 10000) in paragraph at lines 324--325

 []


Underfull \hbox (badness 10000) in paragraph at lines 331--338

 []

[17] [18] [19]
! Double subscript.
l.440 Observer Location & $\lambda_(_
                                     1_+_n_)$\\
? 
! Double subscript.
l.440 Observer Location & $\lambda_(_1_
                                       +_n_)$\\
? 
! Double subscript.
l.440 Observer Location & $\lambda_(_1_+_
                                         n_)$\\
? 
! Double subscript.
l.440 Observer Location & $\lambda_(_1_+_n_
                                           )$\\
? 

! LaTeX Error: Bad math environment delimiter.

See the LaTeX manual or LaTeX Companion for explanation.
Type  H <return>  for immediate help.
 ...                                              
                                                  
l.462 \[
        f(\mu) = \left\{
? 

! LaTeX Error: Bad math environment delimiter.

See the LaTeX manual or LaTeX Companion for explanation.
Type  H <return>  for immediate help.
 ...                                              
                                                  
l.470 \[
        f(\mu) = \left\{
? 
[20] [21] [22] ("Transcendental Identity.aux") ) 
Here is how much of TeX's memory you used:
 239 strings out of 493634
 2755 string characters out of 3141323
 62604 words of memory out of 3000000
 3695 multiletter control sequences out of 15000+200000
 7895 words of font info for 28 fonts, out of 3000000 for 9000
 1025 hyphenation exceptions out of 8191
 23i,8n,18p,1532b,187s stack positions out of 5000i,500n,10000p,200000b,50000s
<C:/Program Files (x86)/MiKTeX 
2.9/fonts/type1/public/amsfonts/cm/cmbx10.pfb><C:/Program Files (x86)/MiKTeX 2.
9/fonts/type1/public/amsfonts/cm/cmbx12.pfb><C:/Program Files (x86)/MiKTeX 2.9/
fonts/type1/public/amsfonts/cm/cmex10.pfb><C:/Program Files (x86)/MiKTeX 2.9/fo
nts/type1/public/amsfonts/cm/cmmi10.pfb><C:/Program Files (x86)/MiKTeX 2.9/font
s/type1/public/amsfonts/cm/cmmi5.pfb><C:/Program Files (x86)/MiKTeX 2.9/fonts/t
ype1/public/amsfonts/cm/cmmi7.pfb><C:/Program Files (x86)/MiKTeX 2.9/fonts/type
1/public/amsfonts/cm/cmr10.pfb><C:/Program Files (x86)/MiKTeX 2.9/fonts/type1/p
ublic/amsfonts/cm/cmr12.pfb><C:/Program Files (x86)/MiKTeX 2.9/fonts/type1/publ
ic/amsfonts/cm/cmr17.pfb><C:/Program Files (x86)/MiKTeX 2.9/fonts/type1/public/
amsfonts/cm/cmr5.pfb><C:/Program Files (x86)/MiKTeX 2.9/fonts/type1/public/amsf
onts/cm/cmr7.pfb><C:/Program Files (x86)/MiKTeX 2.9/fonts/type1/public/amsfonts
/cm/cmsy10.pfb><C:/Program Files (x86)/MiKTeX 2.9/fonts/type1/public/amsfonts/c
m/cmsy7.pfb>
Output written on "Transcendental Identity.pdf" (23 pages, 229841 bytes).
PDF statistics:
 128 PDF objects out of 1000 (max. 8388607)
 0 named destinations out of 1000 (max. 500000)
 1 words of extra memory for PDF output out of 10000 (max. 10000000)

