This is pdfTeX, Version 3.14159265-2.6-1.40.16 (MiKTeX 2.9) (preloaded format=pdflatex 2016.4.26)  21 MAR 2017 16:27
entering extended mode
**"C:/Users/me/Desktop/Transcendental Identity v1.tex"
("C:/Users/me/Desktop/Transcendental Identity v1.tex"
LaTeX2e <2015/10/01> patch level 2
Babel <3.9n> and hyphenation patterns for 69 languages loaded.
("C:\Program Files (x86)\MiKTeX 2.9\tex\latex\base\article.cls"
Document Class: article 2014/09/29 v1.4h Standard LaTeX document class
("C:\Program Files (x86)\MiKTeX 2.9\tex\latex\base\size10.clo"
File: size10.clo 2014/09/29 v1.4h Standard LaTeX file (size option)
)
\c@part=\count79
\c@section=\count80
\c@subsection=\count81
\c@subsubsection=\count82
\c@paragraph=\count83
\c@subparagraph=\count84
\c@figure=\count85
\c@table=\count86
\abovecaptionskip=\skip41
\belowcaptionskip=\skip42
\bibindent=\dimen102
)
("Transcendental Identity v1.aux")
\openout1 = `"Transcendental Identity v1.aux"'.

LaTeX Font Info:    Checking defaults for OML/cmm/m/it on input line 5.
LaTeX Font Info:    ... okay on input line 5.
LaTeX Font Info:    Checking defaults for T1/cmr/m/n on input line 5.
LaTeX Font Info:    ... okay on input line 5.
LaTeX Font Info:    Checking defaults for OT1/cmr/m/n on input line 5.
LaTeX Font Info:    ... okay on input line 5.
LaTeX Font Info:    Checking defaults for OMS/cmsy/m/n on input line 5.
LaTeX Font Info:    ... okay on input line 5.
LaTeX Font Info:    Checking defaults for OMX/cmex/m/n on input line 5.
LaTeX Font Info:    ... okay on input line 5.
LaTeX Font Info:    Checking defaults for U/cmr/m/n on input line 5.
LaTeX Font Info:    ... okay on input line 5.
LaTeX Font Info:    External font `cmex10' loaded for size
(Font)              <12> on input line 7.
LaTeX Font Info:    External font `cmex10' loaded for size
(Font)              <8> on input line 7.
LaTeX Font Info:    External font `cmex10' loaded for size
(Font)              <6> on input line 7.
 [1

{C:/Users/me/AppData/Local/MiKTeX/2.9/pdftex/config/pdftex.map}] ("Transcendent
al Identity v1.toc")
\tf@toc=\write3
\openout3 = `"Transcendental Identity v1.toc"'.

 [1] [2]
Missing character: There is no ‚ in font cmr10!
Missing character: There is no Ä in font cmr10!
Missing character: There is no ò in font cmr10!
Missing character: There is no ‚ in font cmr10!
Missing character: There is no Ä in font cmr10!
Missing character: There is no ô in font cmr10!

Underfull \hbox (badness 10000) in paragraph at lines 22--24

 []

[3]
Missing character: There is no ‚ in font cmr10!
Missing character: There is no Ä in font cmr10!
Missing character: There is no ô in font cmr10!
Missing character: There is no ‚ in font cmr10!
Missing character: There is no Ä in font cmr10!
Missing character: There is no ú in font cmr10!
Missing character: There is no ‚ in font cmr10!
Missing character: There is no Ä in font cmr10!
Missing character: There is no ù in font cmr10!

Underfull \hbox (badness 10000) in paragraph at lines 32--36

 []


Underfull \hbox (badness 10000) in paragraph at lines 32--36

 []


Underfull \hbox (badness 10000) in paragraph at lines 32--36

 []

Missing character: There is no ‚ in font cmr10!
Missing character: There is no Ä in font cmr10!
Missing character: There is no ì in font cmr10!

Underfull \hbox (badness 10000) in paragraph at lines 39--49

 []


Underfull \hbox (badness 10000) in paragraph at lines 39--49

 []

[4]
Underfull \hbox (badness 10000) in paragraph at lines 54--58

 []


Underfull \hbox (badness 10000) in paragraph at lines 54--58

 []

Missing character: There is no ‚ in font cmr10!
Missing character: There is no Ä in font cmr10!
Missing character: There is no ú in font cmr10!
Missing character: There is no ‚ in font cmr10!
Missing character: There is no Ä in font cmr10!
Missing character: There is no ù in font cmr10!
Missing character: There is no ‚ in font cmr10!
Missing character: There is no Ä in font cmr10!
Missing character: There is no ú in font cmr10!
Missing character: There is no ‚ in font cmr10!
Missing character: There is no Ä in font cmr10!
Missing character: There is no ù in font cmr10!
Missing character: There is no ‚ in font cmr10!
Missing character: There is no Ä in font cmr10!
Missing character: There is no ò in font cmr10!
Missing character: There is no ‚ in font cmr10!
Missing character: There is no Ä in font cmr10!
Missing character: There is no ô in font cmr10!
Missing character: There is no ‚ in font cmr10!
Missing character: There is no Ä in font cmr10!
Missing character: There is no ¶ in font cmr10!
Missing character: There is no ‚ in font cmr10!
Missing character: There is no Ä in font cmr10!
Missing character: There is no ì in font cmr10!

Underfull \hbox (badness 10000) in paragraph at lines 60--95

 []


Underfull \hbox (badness 10000) in paragraph at lines 60--95

 []


Underfull \hbox (badness 10000) in paragraph at lines 60--95

 []

[5] [6]
Missing character: There is no ‚ in font cmr10!
Missing character: There is no Ä in font cmr10!
Missing character: There is no ô in font cmr10!
Missing character: There is no ‚ in font cmr10!
Missing character: There is no Ä in font cmr10!
Missing character: There is no ì in font cmr10!
Missing character: There is no ‚ in font cmr10!
Missing character: There is no Ä in font cmr10!
Missing character: There is no ô in font cmr10!

Underfull \hbox (badness 10000) in paragraph at lines 97--107

 []


Underfull \hbox (badness 10000) in paragraph at lines 97--107

 []


Underfull \hbox (badness 10000) in paragraph at lines 97--107

 []


Underfull \hbox (badness 10000) in paragraph at lines 109--119

 []

[7]
LaTeX Font Info:    External font `cmex10' loaded for size
(Font)              <7> on input line 122.
LaTeX Font Info:    External font `cmex10' loaded for size
(Font)              <5> on input line 122.
 [8]
Underfull \hbox (badness 10000) in paragraph at lines 134--136

 []


Underfull \hbox (badness 10000) in paragraph at lines 134--136

 []

[9]
Overfull \hbox (2.75034pt too wide) in paragraph at lines 152--153
\OT1/cmr/m/n/10 RETURN: Iden-tity Lo-ca-tion ($\OML/cmm/m/it/10 PublicActionKey
[]$\OT1/cmr/m/n/10 ), Trans-ac-tion ID ($\OML/cmm/m/it/10 TX[]$\OT1/cmr/m/n/10 
), Trans-
 []


Underfull \hbox (badness 10000) in paragraph at lines 156--157

 []

! Missing $ inserted.
<inserted text> 
                $
l.158 			\begin{array}{ l | c}
                              
? 
! Missing $ inserted.
<inserted text> 
                $
l.159 				$\dot
               \iota$ & $_0\Omega_1$ \\
? 
! Missing $ inserted.
<inserted text> 
                $
l.159 				$\dot\iota$ &
                        $_0\Omega_1$ \\
? 
! Missing $ inserted.
<inserted text> 
                $
l.159 				$\dot\iota$ & $_
                          0\Omega_1$ \\
? 
! Missing $ inserted.
<inserted text> 
                $
l.160 					$
            \hline$
? 
! Misplaced \noalign.
\hline ->\noalign 
                  {\ifnum 0=`}\fi \hrule \@height \arrayrulewidth \futurelet...
l.160 					$\hline
                  $
? 
! You can't use `\hrule' here except with leaders.
\hline ->\noalign {\ifnum 0=`}\fi \hrule 
                                         \@height \arrayrulewidth \futurelet...
l.160 					$\hline
                  $
? 
! Missing number, treated as zero.
<to be read again> 
                   \futurelet 
l.160 					$\hline
                  $
? 
! Illegal unit of measure (pt inserted).
<to be read again> 
                   \futurelet 
l.160 					$\hline
                  $
? 
! Missing $ inserted.
<inserted text> 
                $
l.161 				$\alpha
                 _1^0$ & $\begin{array}{ c c}
? 
! Missing $ inserted.
<inserted text> 
                $
l.161 				$\alpha_1^0$ &
                         $\begin{array}{ c c}
? 
! Missing $ inserted.
<inserted text> 
                $
l.161 				$\alpha_1^0$ & $\begin{array}{ c c}
                                             
? 
! Missing $ inserted.
<inserted text> 
                $
l.162 							0 & $\dot
                       \delta_\Omega^1$ \\
? 
! Missing $ inserted.
<inserted text> 
                $
l.163 							$
              \dot\delta_\alpha^1$ & $\dot\upsilon_2^1$ \\
? 
! Missing $ inserted.
<inserted text> 
                $
l.163 							$\dot
                  \delta_\alpha^1$ & $\dot\upsilon_2^1$ \\
? 
! Missing $ inserted.
<inserted text> 
                $
l.163 							$\dot\delta_\alpha^1$ &
                                     $\dot\upsilon_2^1$ \\
? 
! Missing $ inserted.
<inserted text> 
                $
l.163 							$\dot\delta_\alpha^1$ & $\dot
                                          \upsilon_2^1$ \\
? 
! Missing $ inserted.
<inserted text> 
                $
l.164 						\end
                {array}\\
? 
! Missing $ inserted.
<inserted text> 
                $
l.164 						\end{array}
                       \\
? 
! Missing $ inserted.
<inserted text> 
                $
l.165 			\end
             {array}
? 
! Missing $ inserted.
<inserted text> 
                $
l.165 			\end{array}
                    
? 
! Missing $ inserted.
<inserted text> 
                $
l.171 				\begin{array}{|l|c c c c|}
                                    
? 
! Missing $ inserted.
<inserted text> 
                $
l.173 					$\dot
                \iota_1^1$ & $\dot\iota^1$ & $\Omega^1$ & $\alpha^1$ & $\Ups...

? 
! Missing $ inserted.
<inserted text> 
                $
l.173 					$\dot\iota_1^1$ &
                             $\dot\iota^1$ & $\Omega^1$ & $\alpha^1$ & $\Ups...

? 
! Missing $ inserted.
<inserted text> 
                $
l.173 					$\dot\iota_1^1$ & $\dot
                                  \iota^1$ & $\Omega^1$ & $\alpha^1$ & $\Ups...

? 
! Missing $ inserted.
<inserted text> 
                $
l.173 					$\dot\iota_1^1$ & $\dot\iota^1$ &
                                             $\Omega^1$ & $\alpha^1$ & $\Ups...

? 
! Missing $ inserted.
<inserted text> 
                $
l.173 ...$\dot\iota_1^1$ & $\dot\iota^1$ & $\Omega
                                                  ^1$ & $\alpha^1$ & $\Upsil...

? 
! Missing $ inserted.
<inserted text> 
                $
l.173 ...\iota_1^1$ & $\dot\iota^1$ & $\Omega^1$ &
                                                   $\alpha^1$ & $\Upsilon^1$ \\

? 
! Missing $ inserted.
<inserted text> 
                $
l.173 ...1$ & $\dot\iota^1$ & $\Omega^1$ & $\alpha
                                                  ^1$ & $\Upsilon^1$ \\
? 
! Missing $ inserted.
<inserted text> 
                $
l.173 ...$\dot\iota^1$ & $\Omega^1$ & $\alpha^1$ &
                                                   $\Upsilon^1$ \\
? 
! Missing $ inserted.
<inserted text> 
                $
l.173 ...^1$ & $\Omega^1$ & $\alpha^1$ & $\Upsilon
                                                  ^1$ \\
? 
! Missing $ inserted.
<inserted text> 
                $
l.174 					\hline
                 
? 
! Missing $ inserted.
<inserted text> 
                $
l.175 					$\dot
                 \iota_1$ & $\delta_1$ & $\Omega_1$ & $\alpha_1$ & $\Upsilon...

? 
! Missing $ inserted.
<inserted text> 
                $
l.175 					$\dot \iota_1$ &
                            $\delta_1$ & $\Omega_1$ & $\alpha_1$ & $\Upsilon...

? 
! Missing $ inserted.
<inserted text> 
                $
l.175 					$\dot \iota_1$ & $\delta
                                   _1$ & $\Omega_1$ & $\alpha_1$ & $\Upsilon...

? 
! Missing $ inserted.
<inserted text> 
                $
l.175 					$\dot \iota_1$ & $\delta_1$ &
                                         $\Omega_1$ & $\alpha_1$ & $\Upsilon...

? 
! Missing $ inserted.
<inserted text> 
                $
l.175 					$\dot \iota_1$ & $\delta_1$ & $\Omega
                                                _1$ & $\alpha_1$ & $\Upsilon...

? 
! Missing $ inserted.
<inserted text> 
                $
l.175 ...\dot \iota_1$ & $\delta_1$ & $\Omega_1$ &
                                                   $\alpha_1$ & $\Upsilon_1$ \\

? 
! Missing $ inserted.
<inserted text> 
                $
l.175 ...ta_1$ & $\delta_1$ & $\Omega_1$ & $\alpha
                                                  _1$ & $\Upsilon_1$ \\
? 
! Missing $ inserted.
<inserted text> 
                $
l.175 ... & $\delta_1$ & $\Omega_1$ & $\alpha_1$ &
                                                   $\Upsilon_1$ \\
? 
! Missing $ inserted.
<inserted text> 
                $
l.175 ..._1$ & $\Omega_1$ & $\alpha_1$ & $\Upsilon
                                                  _1$ \\
? 
! Missing $ inserted.
<inserted text> 
                $
l.176 					$
            \Omega_1$ & $\Omega^1$ & $\dot \upsilon_1 & $\upsilon_T$ & $\Ome...

? 
! Missing $ inserted.
<inserted text> 
                $
l.176 					$\Omega
                  _1$ & $\Omega^1$ & $\dot \upsilon_1 & $\upsilon_T$ & $\Ome...

? 
! Missing $ inserted.
<inserted text> 
                $
l.176 					$\Omega_1$ &
                        $\Omega^1$ & $\dot \upsilon_1 & $\upsilon_T$ & $\Ome...

? 
! Missing $ inserted.
<inserted text> 
                $
l.176 					$\Omega_1$ & $\Omega
                               ^1$ & $\dot \upsilon_1 & $\upsilon_T$ & $\Ome...

? 
! Missing $ inserted.
<inserted text> 
                $
l.176 					$\Omega_1$ & $\Omega^1$ &
                                     $\dot \upsilon_1 & $\upsilon_T$ & $\Ome...

? 
! Missing $ inserted.
<inserted text> 
                $
l.176 					$\Omega_1$ & $\Omega^1$ & $\dot
                                           \upsilon_1 & $\upsilon_T$ & $\Ome...

? 
! Missing $ inserted.
<inserted text> 
                $
l.176 ...$\Omega^1$ & $\dot \upsilon_1 & $\upsilon
                                                  _T$ & $\Omega_T^\upsilon$\\
? 
! Missing $ inserted.
<inserted text> 
                $
l.176 ...ga^1$ & $\dot \upsilon_1 & $\upsilon_T$ &
                                                   $\Omega_T^\upsilon$\\
? 
! Missing $ inserted.
<inserted text> 
                $
l.176 ...$\dot \upsilon_1 & $\upsilon_T$ & $\Omega
                                                  _T^\upsilon$\\
? 
! Missing $ inserted.
<inserted text> 
                $
l.177 					$
            \alpha_1$ & $\alpha^1$ & $\upsilon_F$ &$\alpha_F$ & $\alpha_F$\\
? 
! Missing $ inserted.
<inserted text> 
                $
l.177 					$\alpha
                  _1$ & $\alpha^1$ & $\upsilon_F$ &$\alpha_F$ & $\alpha_F$\\
? 
! Missing $ inserted.
<inserted text> 
                $
l.177 					$\alpha_1$ &
                        $\alpha^1$ & $\upsilon_F$ &$\alpha_F$ & $\alpha_F$\\
? 
! Missing $ inserted.
<inserted text> 
                $
l.177 					$\alpha_1$ & $\alpha
                               ^1$ & $\upsilon_F$ &$\alpha_F$ & $\alpha_F$\\
? 
! Missing $ inserted.
<inserted text> 
                $
l.177 					$\alpha_1$ & $\alpha^1$ &
                                     $\upsilon_F$ &$\alpha_F$ & $\alpha_F$\\
? 
! Missing $ inserted.
<inserted text> 
                $
l.177 					$\alpha_1$ & $\alpha^1$ & $\upsilon
                                              _F$ &$\alpha_F$ & $\alpha_F$\\
? 
! Missing $ inserted.
<inserted text> 
                $
l.177 ...	$\alpha_1$ & $\alpha^1$ & $\upsilon_F$ &
                                                  $\alpha_F$ & $\alpha_F$\\
? 
! Missing $ inserted.
<inserted text> 
                $
l.177 ...a_1$ & $\alpha^1$ & $\upsilon_F$ &$\alpha
                                                  _F$ & $\alpha_F$\\
? 
! Missing $ inserted.
<inserted text> 
                $
l.177 ...& $\alpha^1$ & $\upsilon_F$ &$\alpha_F$ &
                                                   $\alpha_F$\\
? 
! Missing $ inserted.
<inserted text> 
                $
l.177 ...a^1$ & $\upsilon_F$ &$\alpha_F$ & $\alpha
                                                  _F$\\
? 
! Missing $ inserted.
<inserted text> 
                $
l.178 					$
            \Upsilon_1$ & $\Upsilon^1$ & $\Upsilon_T^\Omega$ & $\Upsilon_T^\...

? 
! Missing $ inserted.
<inserted text> 
                $
l.178 					$\Upsilon
                    _1$ & $\Upsilon^1$ & $\Upsilon_T^\Omega$ & $\Upsilon_T^\...

? 
! Missing $ inserted.
<inserted text> 
                $
l.178 					$\Upsilon_1$ &
                          $\Upsilon^1$ & $\Upsilon_T^\Omega$ & $\Upsilon_T^\...

? 
! Missing $ inserted.
<inserted text> 
                $
l.178 					$\Upsilon_1$ & $\Upsilon
                                   ^1$ & $\Upsilon_T^\Omega$ & $\Upsilon_T^\...

? 
! Missing $ inserted.
<inserted text> 
                $
l.178 					$\Upsilon_1$ & $\Upsilon^1$ &
                                         $\Upsilon_T^\Omega$ & $\Upsilon_T^\...

? 
! Missing $ inserted.
<inserted text> 
                $
l.178 					$\Upsilon_1$ & $\Upsilon^1$ & $\Upsilon
                                                  _T^\Omega$ & $\Upsilon_T^\...

? 
! Missing $ inserted.
<inserted text> 
                $
l.178 ...1$ & $\Upsilon^1$ & $\Upsilon_T^\Omega$ &
                                                   $\Upsilon_T^\alpha$ & $\h...

? 
! Missing $ inserted.
<inserted text> 
                $
l.178 ...ilon^1$ & $\Upsilon_T^\Omega$ & $\Upsilon
                                                  _T^\alpha$ & $\hat\Upsilon...

? 
! Missing $ inserted.
<inserted text> 
                $
l.178 ...Upsilon_T^\Omega$ & $\Upsilon_T^\alpha$ &
                                                   $\hat\Upsilon_T$\\
? 
! Missing $ inserted.
<inserted text> 
                $
l.178 ...n_T^\Omega$ & $\Upsilon_T^\alpha$ & $\hat
                                                  \Upsilon_T$\\
? 
! Missing $ inserted.
<inserted text> 
                $
l.179 					\hline
                 
? 
! Missing $ inserted.
<inserted text> 
                $
l.180 				\end{array}
                     
? 
[10] [11] [12]
Overfull \hbox (1.0002pt too wide) in paragraph at lines 225--227
 \OT1/cmr/bx/n/10 Ab-duc-tive rea-son-ing in light of De-duc-tive Cer-tainty[] 
\OT1/cmr/m/n/10 "Duck test" within
 []

[13]
Overfull \hbox (1.36575pt too wide) in paragraph at lines 242--243
 \OT1/cmr/bx/n/10 Peo-ple, Con-tent, Ma-chines, Cor-po-ra-tions[] \OT1/cmr/m/n/
10 value ex-change across iden-
 []


Overfull \hbox (10.37605pt too wide) in paragraph at lines 243--244
 \OT1/cmr/bx/n/10 Software-defined Net-works[] \OT1/cmr/m/n/10 trust-less trans
-ac-tion ex-e-cu-tion within a scope. 
 []

[14] [15]
Underfull \hbox (badness 10000) in paragraph at lines 289--298

 []

[16]
Underfull \hbox (badness 10000) in paragraph at lines 327--332

 []


Underfull \hbox (badness 10000) in paragraph at lines 334--339

 []


Underfull \hbox (badness 10000) in paragraph at lines 341--342

 []


Underfull \hbox (badness 10000) in paragraph at lines 348--355

 []

[17] [18] [19]
! Double subscript.
l.457 Observer Location & $\lambda_(_
                                     1_+_n_)$\\
? 
! Double subscript.
l.457 Observer Location & $\lambda_(_1_
                                       +_n_)$\\
? 
! Double subscript.
l.457 Observer Location & $\lambda_(_1_+_
                                         n_)$\\
? 
! Double subscript.
l.457 Observer Location & $\lambda_(_1_+_n_
                                           )$\\
? 

! LaTeX Error: Bad math environment delimiter.

See the LaTeX manual or LaTeX Companion for explanation.
Type  H <return>  for immediate help.
 ...                                              
                                                  
l.479 \[
        f(\mu) = \left\{
? 

! LaTeX Error: Bad math environment delimiter.

See the LaTeX manual or LaTeX Companion for explanation.
Type  H <return>  for immediate help.
 ...                                              
                                                  
l.487 \[
        f(\mu) = \left\{
? 
[20] [21] [22] ("Transcendental Identity v1.aux")

LaTeX Warning: Label(s) may have changed. Rerun to get cross-references right.

 ) 
Here is how much of TeX's memory you used:
 239 strings out of 493634
 2791 string characters out of 3141323
 62604 words of memory out of 3000000
 3695 multiletter control sequences out of 15000+200000
 7895 words of font info for 28 fonts, out of 3000000 for 9000
 1025 hyphenation exceptions out of 8191
 23i,12n,17p,1535b,199s stack positions out of 5000i,500n,10000p,200000b,50000s
<C:/Program Files (x86)/MiKTeX 2.9/fonts/type1/public/amsfonts/cm/cmbx10.pfb>
<C:/Program Files (x86)/MiKTeX 2.9/fonts/type1/public/amsfonts/cm/cmbx12.pfb><C
:/Program Files (x86)/MiKTeX 2.9/fonts/type1/public/amsfonts/cm/cmex10.pfb><C:/
Program Files (x86)/MiKTeX 2.9/fonts/type1/public/amsfonts/cm/cmmi10.pfb><C:/Pr
ogram Files (x86)/MiKTeX 2.9/fonts/type1/public/amsfonts/cm/cmmi5.pfb><C:/Progr
am Files (x86)/MiKTeX 2.9/fonts/type1/public/amsfonts/cm/cmmi7.pfb><C:/Program 
Files (x86)/MiKTeX 2.9/fonts/type1/public/amsfonts/cm/cmr10.pfb><C:/Program Fil
es (x86)/MiKTeX 2.9/fonts/type1/public/amsfonts/cm/cmr12.pfb><C:/Program Files 
(x86)/MiKTeX 2.9/fonts/type1/public/amsfonts/cm/cmr17.pfb><C:/Program Files (x8
6)/MiKTeX 2.9/fonts/type1/public/amsfonts/cm/cmr5.pfb><C:/Program Files (x86)/M
iKTeX 2.9/fonts/type1/public/amsfonts/cm/cmr7.pfb><C:/Program Files (x86)/MiKTe
X 2.9/fonts/type1/public/amsfonts/cm/cmsy10.pfb><C:/Program Files (x86)/MiKTeX 
2.9/fonts/type1/public/amsfonts/cm/cmsy7.pfb>
Output written on "Transcendental Identity v1.pdf" (23 pages, 237104 bytes).
PDF statistics:
 128 PDF objects out of 1000 (max. 8388607)
 0 named destinations out of 1000 (max. 500000)
 1 words of extra memory for PDF output out of 10000 (max. 10000000)

